#
# There is insufficient memory for the Java Runtime Environment to continue.
# Native memory allocation (mmap) failed to map 67108864 bytes for G1 virtual space
# Possible reasons:
#   The system is out of physical RAM or swap space
#   The process is running with CompressedOops enabled, and the Java Heap may be blocking the growth of the native heap
# Possible solutions:
#   Reduce memory load on the system
#   Increase physical memory or swap space
#   Check if swap backing store is full
#   Decrease Java heap size (-Xmx/-Xms)
#   Decrease number of Java threads
#   Decrease Java thread stack sizes (-Xss)
#   Set larger code cache with -XX:ReservedCodeCacheSize=
#   JVM is running with Unscaled Compressed Oops mode in which the Java heap is
#     placed in the first 4GB address space. The Java Heap base address is the
#     maximum limit for the native heap growth. Please use -XX:HeapBaseMinAddress
#     to set the Java Heap base and to place the Java Heap above 4GB virtual address.
# This output file may be truncated or incomplete.
#
#  Out of Memory Error (./open/src/hotspot/os/windows/os_windows.cpp:3321), pid=13904, tid=15464
#
# JRE version:  (15.0.2+7) (build )
# Java VM: OpenJDK 64-Bit Server VM (15.0.2+7-27, mixed mode, sharing, tiered, compressed oops, g1 gc, windows-amd64)
# No core dump will be written. Minidumps are not enabled by default on client versions of Windows
#

---------------  S U M M A R Y ------------

Command Line: -Dfile.encoding=Cp1252 -XX:+ShowCodeDetailsInExceptionMessages application.testeCarrinho

Host: Intel(R) Core(TM) i3-6006U CPU @ 2.00GHz, 4 cores, 3G,  Windows 10 , 64 bit Build 19041 (10.0.19041.804)
Time: Mon Apr 12 15:02:12 2021 Hora oficial do Brasil elapsed time: 0.029708 seconds (0d 0h 0m 0s)

---------------  T H R E A D  ---------------

Current thread (0x000001d34cbf4420):  JavaThread "Unknown thread" [_thread_in_vm, id=15464, stack(0x0000003355100000,0x0000003355200000)]

Stack: [0x0000003355100000,0x0000003355200000]
Native frames: (J=compiled Java code, j=interpreted, Vv=VM code, C=native code)
V  [jvm.dll+0x62ae9a]
V  [jvm.dll+0x7817a9]
V  [jvm.dll+0x782f03]
V  [jvm.dll+0x783563]
V  [jvm.dll+0x216325]
V  [jvm.dll+0x6281d9]
V  [jvm.dll+0x61cf55]
V  [jvm.dll+0x2cffdd]
V  [jvm.dll+0x2cfe42]
V  [jvm.dll+0x2d5e1c]
V  [jvm.dll+0x32590a]
V  [jvm.dll+0x324fd4]
V  [jvm.dll+0x2a6f5a]
V  [jvm.dll+0x2a80f8]
V  [jvm.dll+0x75e241]
V  [jvm.dll+0x3341c4]
V  [jvm.dll+0x73e926]
V  [jvm.dll+0x3b7557]
V  [jvm.dll+0x3b8fe1]
C  [jli.dll+0x52fb]
C  [ucrtbase.dll+0x21bb2]
C  [KERNEL32.DLL+0x17034]
C  [ntdll.dll+0x52651]


---------------  P R O C E S S  ---------------

Threads class SMR info:
_java_thread_list=0x00007ffe43634ff0, length=0, elements={
}

Java Threads: ( => current thread )

Other Threads:
  0x000001d34cc1d420 GCTaskThread "GC Thread#0" [stack: 0x0000003355200000,0x0000003355300000] [id=13836]
  0x000001d34cc26470 ConcurrentGCThread "G1 Main Marker" [stack: 0x0000003355300000,0x0000003355400000] [id=18200]
  0x000001d34cc29080 ConcurrentGCThread "G1 Conc#0" [stack: 0x0000003355400000,0x0000003355500000] [id=14392]

[error occurred during error reporting (printing all threads), id 0xc0000005, EXCEPTION_ACCESS_VIOLATION (0xc0000005) at pc=0x00007ffe42e27e27]

VM state: not at safepoint (not fully initialized)

VM Mutex/Monitor currently owned by a thread:  ([mutex/lock_event])
[0x000001d34cbef2b0] Heap_lock - owner thread: 0x000001d34cbf4420

Heap address: 0x00000000c1400000, size: 1004 MB, Compressed Oops mode: 32-bit
CDS archive(s) mapped at: [0x0000000000000000-0x0000000000000000-0x0000000000000000), size 0, SharedBaseAddress: 0x0000000800000000, ArchiveRelocationMode: 0.
Narrow klass base: 0x0000000000000000, Narrow klass shift: 0, Narrow klass range: 0x0

Heap:
 garbage-first heap   total 65536K, used 0K [0x00000000c1400000, 0x0000000100000000)
  region size 1024K, 0 young (0K), 0 survivors (0K)
 Metaspace       used 0K, capacity 0K, committed 0K, reserved 0K
  class space    used 0K, capacity 0K, committed 0K, reserved 0K

Heap Regions: E=young(eden), S=young(survivor), O=old, HS=humongous(starts), HC=humongous(continues), CS=collection set, F=free, OA=open archive, CA=closed archive, TAMS=top-at-mark-start (previous, next)

Card table byte_map: [0x000001d35f810000,0x000001d35fa10000] _byte_map_base: 0x000001d35f206000

Marking Bits (Prev, Next): (CMBitMap*) 0x000001d34cc1dc90, (CMBitMap*) 0x000001d34cc1dcd0
 Prev Bits: [0x000001d35fc10000, 0x000001d360bc0000)
 Next Bits: [0x000001d360bc0000, 0x000001d361b70000)

GC Heap History (0 events):
No events

Deoptimization events (0 events):
No events

Classes unloaded (0 events):
No events

Classes redefined (0 events):
No events

Internal exceptions (0 events):
No events

Events (1 events):
Event: 0.020 Loaded shared library C:\Users\hgsal\.p2\pool\plugins\org.eclipse.justj.openjdk.hotspot.jre.full.win32.x86_64_15.0.2.v20210201-0955\jre\bin\java.dll


Dynamic libraries:
0x00007ff75af20000 - 0x00007ff75af2d000 	C:\Users\hgsal\.p2\pool\plugins\org.eclipse.justj.openjdk.hotspot.jre.full.win32.x86_64_15.0.2.v20210201-0955\jre\bin\javaw.exe
0x00007ffe95930000 - 0x00007ffe95b25000 	C:\Windows\SYSTEM32\ntdll.dll
0x00007ffe94340000 - 0x00007ffe943fd000 	C:\Windows\System32\KERNEL32.DLL
0x00007ffe93690000 - 0x00007ffe93959000 	C:\Windows\System32\KERNELBASE.dll
0x00007ffe93480000 - 0x00007ffe93580000 	C:\Windows\System32\ucrtbase.dll
0x00007ffe8ec10000 - 0x00007ffe8ec28000 	C:\Users\hgsal\.p2\pool\plugins\org.eclipse.justj.openjdk.hotspot.jre.full.win32.x86_64_15.0.2.v20210201-0955\jre\bin\jli.dll
0x00007ffe94510000 - 0x00007ffe946b0000 	C:\Windows\System32\USER32.dll
0x00007ffe93450000 - 0x00007ffe93472000 	C:\Windows\System32\win32u.dll
0x00007ffe94020000 - 0x00007ffe9404a000 	C:\Windows\System32\GDI32.dll
0x00007ffe930c0000 - 0x00007ffe931cb000 	C:\Windows\System32\gdi32full.dll
0x00007ffe933b0000 - 0x00007ffe9344d000 	C:\Windows\System32\msvcp_win.dll
0x00007ffe8ebf0000 - 0x00007ffe8ec09000 	C:\Users\hgsal\.p2\pool\plugins\org.eclipse.justj.openjdk.hotspot.jre.full.win32.x86_64_15.0.2.v20210201-0955\jre\bin\VCRUNTIME140.dll
0x00007ffe80c70000 - 0x00007ffe80f0a000 	C:\Windows\WinSxS\amd64_microsoft.windows.common-controls_6595b64144ccf1df_6.0.19041.844_none_ca00b6081b84eb1d\COMCTL32.dll
0x00007ffe94760000 - 0x00007ffe947fe000 	C:\Windows\System32\msvcrt.dll
0x00007ffe94a20000 - 0x00007ffe94a50000 	C:\Windows\System32\IMM32.DLL
0x00007ffe90a50000 - 0x00007ffe90a5c000 	C:\Users\hgsal\.p2\pool\plugins\org.eclipse.justj.openjdk.hotspot.jre.full.win32.x86_64_15.0.2.v20210201-0955\jre\bin\vcruntime140_1.dll
0x00007ffe6cf30000 - 0x00007ffe6cfc1000 	C:\Users\hgsal\.p2\pool\plugins\org.eclipse.justj.openjdk.hotspot.jre.full.win32.x86_64_15.0.2.v20210201-0955\jre\bin\msvcp140.dll
0x00007ffe42b70000 - 0x00007ffe436ce000 	C:\Users\hgsal\.p2\pool\plugins\org.eclipse.justj.openjdk.hotspot.jre.full.win32.x86_64_15.0.2.v20210201-0955\jre\bin\server\jvm.dll
0x00007ffe93990000 - 0x00007ffe93a3c000 	C:\Windows\System32\ADVAPI32.dll
0x00007ffe93b10000 - 0x00007ffe93bac000 	C:\Windows\System32\sechost.dll
0x00007ffe94810000 - 0x00007ffe9493b000 	C:\Windows\System32\RPCRT4.dll
0x00007ffe94940000 - 0x00007ffe94948000 	C:\Windows\System32\PSAPI.DLL
0x00007ffe8eb10000 - 0x00007ffe8eb19000 	C:\Windows\SYSTEM32\WSOCK32.dll
0x00007ffe94950000 - 0x00007ffe949bb000 	C:\Windows\System32\WS2_32.dll
0x00007ffe81800000 - 0x00007ffe81827000 	C:\Windows\SYSTEM32\WINMM.dll
0x00007ffe8c640000 - 0x00007ffe8c64a000 	C:\Windows\SYSTEM32\VERSION.dll
0x00007ffe90fd0000 - 0x00007ffe90fe2000 	C:\Windows\SYSTEM32\kernel.appcore.dll
0x00007ffe8eb00000 - 0x00007ffe8eb0a000 	C:\Users\hgsal\.p2\pool\plugins\org.eclipse.justj.openjdk.hotspot.jre.full.win32.x86_64_15.0.2.v20210201-0955\jre\bin\jimage.dll
0x00007ffe81f60000 - 0x00007ffe82144000 	C:\Windows\SYSTEM32\DBGHELP.DLL
0x00007ffe81f30000 - 0x00007ffe81f5c000 	C:\Windows\SYSTEM32\dbgcore.DLL
0x00007ffe93330000 - 0x00007ffe933b0000 	C:\Windows\System32\bcryptPrimitives.dll
0x00007ffe8b8a0000 - 0x00007ffe8b8c5000 	C:\Users\hgsal\.p2\pool\plugins\org.eclipse.justj.openjdk.hotspot.jre.full.win32.x86_64_15.0.2.v20210201-0955\jre\bin\java.dll

dbghelp: loaded successfully - version: 4.0.5 - missing functions: none
symbol engine: initialized successfully - sym options: 0x614 - pdb path: .;C:\Users\hgsal\.p2\pool\plugins\org.eclipse.justj.openjdk.hotspot.jre.full.win32.x86_64_15.0.2.v20210201-0955\jre\bin;C:\Windows\SYSTEM32;C:\Windows\WinSxS\amd64_microsoft.windows.common-controls_6595b64144ccf1df_6.0.19041.844_none_ca00b6081b84eb1d;C:\Users\hgsal\.p2\pool\plugins\org.eclipse.justj.openjdk.hotspot.jre.full.win32.x86_64_15.0.2.v20210201-0955\jre\bin\server

VM Arguments:
jvm_args: -Dfile.encoding=Cp1252 -XX:+ShowCodeDetailsInExceptionMessages 
java_command: application.testeCarrinho
java_class_path (initial): C:\Users\hgsal\OneDrive\Área de Trabalho\Generation\ProjetoLoja2\bin
Launcher Type: SUN_STANDARD

[Global flags]
     intx CICompilerCount                          = 3                                         {product} {ergonomic}
     uint ConcGCThreads                            = 1                                         {product} {ergonomic}
     uint G1ConcRefinementThreads                  = 4                                         {product} {ergonomic}
   size_t G1HeapRegionSize                         = 1048576                                   {product} {ergonomic}
    uintx GCDrainStackTargetSize                   = 64                                        {product} {ergonomic}
   size_t InitialHeapSize                          = 67108864                                  {product} {ergonomic}
   size_t MarkStackSize                            = 4194304                                   {product} {ergonomic}
   size_t MaxHeapSize                              = 1052770304                                {product} {ergonomic}
   size_t MinHeapDeltaBytes                        = 1048576                                   {product} {ergonomic}
   size_t MinHeapSize                              = 8388608                                   {product} {ergonomic}
    uintx NonNMethodCodeHeapSize                   = 5832780                                {pd product} {ergonomic}
    uintx NonProfiledCodeHeapSize                  = 122912730                              {pd product} {ergonomic}
    uintx ProfiledCodeHeapSize                     = 122912730                              {pd product} {ergonomic}
    uintx ReservedCodeCacheSize                    = 251658240                              {pd product} {ergonomic}
     bool SegmentedCodeCache                       = true                                      {product} {ergonomic}
     bool ShowCodeDetailsInExceptionMessages       = true                                   {manageable} {command line}
   size_t SoftMaxHeapSize                          = 1052770304                             {manageable} {ergonomic}
     bool UseCompressedClassPointers               = true                                 {lp64_product} {ergonomic}
     bool UseCompressedOops                        = true                                 {lp64_product} {ergonomic}
     bool UseG1GC                                  = true                                      {product} {ergonomic}
     bool UseLargePagesIndividualAllocation        = false                                  {pd product} {ergonomic}

Logging:
Log output configuration:
 #0: stdout all=warning uptime,level,tags
 #1: stderr all=off uptime,level,tags

Environment Variables:
PATH=C:/Users/hgsal/.p2/pool/plugins/org.eclipse.justj.openjdk.hotspot.jre.full.win32.x86_64_15.0.2.v20210201-0955/jre/bin/server;C:/Users/hgsal/.p2/pool/plugins/org.eclipse.justj.openjdk.hotspot.jre.full.win32.x86_64_15.0.2.v20210201-0955/jre/bin;C:\Program Files (x86)\Common Files\Oracle\Java\javapath;C:\Windows\system32;C:\Windows;C:\Windows\System32\Wbem;C:\Windows\System32\WindowsPowerShell\v1.0\;C:\Windows\System32\OpenSSH\;C:\Program Files\Java\jdk1.8.0_281\bin;C:\Program Files\Git\cmd;C:\ProgramData\UNIVALI\Portugol Studio;C:\Program Files\nodejs\;C:\Users\hgsal\AppData\Local\Microsoft\WindowsApps;;C:\Users\hgsal\AppData\Local\Programs\Microsoft VS Code\bin;C:\Users\hgsal\AppData\Roaming\npm;C:\Windows\system32;
USERNAME=hgsal
OS=Windows_NT
PROCESSOR_IDENTIFIER=Intel64 Family 6 Model 78 Stepping 3, GenuineIntel



---------------  S Y S T E M  ---------------

OS:
 Windows 10 , 64 bit Build 19041 (10.0.19041.804)
OS uptime: 1 days 5:47 hours

CPU: total 4 (initial active 4) (2 cores per cpu, 2 threads per core) family 6 model 78 stepping 3 microcode 0xd6, cmov, cx8, fxsr, mmx, sse, sse2, sse3, ssse3, sse4.1, sse4.2, popcnt, vzeroupper, avx, avx2, aes, clmul, erms, 3dnowpref, lzcnt, ht, tsc, tscinvbit, bmi1, bmi2, adx, fma, clflush, clflushopt

Memory: 4k page, system-wide physical 4009M (717M free)
TotalPageFile size 16297M (AvailPageFile size 65M)
current process WorkingSet (physical memory assigned to process): 9M, peak: 9M
current process commit charge ("private bytes"): 51M, peak: 115M

vm_info: OpenJDK 64-Bit Server VM (15.0.2+7-27) for windows-amd64 JRE (15.0.2+7-27), built on Dec  7 2020 20:02:38 by "mach5one" with unknown MS VC++:1925

END.
