#
# There is insufficient memory for the Java Runtime Environment to continue.
# Native memory allocation (malloc) failed to allocate 32744 bytes for ChunkPool::allocate
# Possible reasons:
#   The system is out of physical RAM or swap space
#   The process is running with CompressedOops enabled, and the Java Heap may be blocking the growth of the native heap
# Possible solutions:
#   Reduce memory load on the system
#   Increase physical memory or swap space
#   Check if swap backing store is full
#   Decrease Java heap size (-Xmx/-Xms)
#   Decrease number of Java threads
#   Decrease Java thread stack sizes (-Xss)
#   Set larger code cache with -XX:ReservedCodeCacheSize=
#   JVM is running with Unscaled Compressed Oops mode in which the Java heap is
#     placed in the first 4GB address space. The Java Heap base address is the
#     maximum limit for the native heap growth. Please use -XX:HeapBaseMinAddress
#     to set the Java Heap base and to place the Java Heap above 4GB virtual address.
# This output file may be truncated or incomplete.
#
#  Out of Memory Error (./open/src/hotspot/share/memory/arena.cpp:79), pid=10508, tid=17368
#
# JRE version: OpenJDK Runtime Environment (15.0.2+7) (build 15.0.2+7-27)
# Java VM: OpenJDK 64-Bit Server VM (15.0.2+7-27, mixed mode, tiered, compressed oops, g1 gc, windows-amd64)
# No core dump will be written. Minidumps are not enabled by default on client versions of Windows
#

---------------  S U M M A R Y ------------

Command Line: -Dfile.encoding=Cp1252 -XX:+ShowCodeDetailsInExceptionMessages application.testeCarrinho

Host: Intel(R) Core(TM) i3-6006U CPU @ 2.00GHz, 4 cores, 3G,  Windows 10 , 64 bit Build 19041 (10.0.19041.804)
Time: Mon Apr 12 18:16:37 2021 Hora oficial do Brasil elapsed time: 0.236768 seconds (0d 0h 0m 0s)

---------------  T H R E A D  ---------------

Current thread (0x000002a4a507f540):  JavaThread "main" [_thread_in_vm, id=17368, stack(0x000000b171800000,0x000000b171900000)]

Stack: [0x000000b171800000,0x000000b171900000]
Native frames: (J=compiled Java code, j=interpreted, Vv=VM code, C=native code)
V  [jvm.dll+0x62ae9a]
V  [jvm.dll+0x7817a9]
V  [jvm.dll+0x782f03]
V  [jvm.dll+0x783563]
V  [jvm.dll+0x216325]
V  [jvm.dll+0x982cf]
V  [jvm.dll+0x9861c]
V  [jvm.dll+0x353d52]
V  [jvm.dll+0x356e21]
V  [jvm.dll+0x28b770]
V  [jvm.dll+0x28b3fa]
V  [jvm.dll+0x1b2797]
V  [jvm.dll+0x1bf227]
V  [jvm.dll+0x1b2e51]
V  [jvm.dll+0x504b08]
V  [jvm.dll+0x1c5740]
V  [jvm.dll+0x706243]
V  [jvm.dll+0x707c08]
V  [jvm.dll+0x707f03]
V  [jvm.dll+0x20f104]
V  [jvm.dll+0x348fd1]
C  0x000002a4a8abec80

Java frames: (J=compiled Java code, j=interpreted, Vv=VM code)
j  jdk.internal.module.IllegalAccessLogger$Builder.complete()V+16 java.base@15.0.2
j  jdk.internal.module.ModuleBootstrap.addIllegalAccess(Ljava/lang/module/ModuleFinder;Ljava/util/Map;Ljava/util/Map;Ljava/lang/ModuleLayer;Z)V+573 java.base@15.0.2
j  jdk.internal.module.ModuleBootstrap.boot()Ljava/lang/ModuleLayer;+1278 java.base@15.0.2
j  java.lang.System.initPhase2(ZZ)I+0 java.base@15.0.2
v  ~StubRoutines::call_stub

---------------  P R O C E S S  ---------------

Threads class SMR info:
_java_thread_list=0x000002a4bcd0bdc0, length=9, elements={
0x000002a4a507f540, 0x000002a4bcce0010, 0x000002a4bcce3080, 0x000002a4bcd08330,
0x000002a4bcd08cf0, 0x000002a4bcd0a5f0, 0x000002a4bcd13fb0, 0x000002a4bcd17110,
0x000002a4bcd191c0
}

Java Threads: ( => current thread )
=>0x000002a4a507f540 JavaThread "main" [_thread_in_vm, id=17368, stack(0x000000b171800000,0x000000b171900000)]
  0x000002a4bcce0010 JavaThread "Reference Handler" daemon [_thread_blocked, id=7572, stack(0x000000b171f00000,0x000000b172000000)]
  0x000002a4bcce3080 JavaThread "Finalizer" daemon [_thread_blocked, id=12824, stack(0x000000b172000000,0x000000b172100000)]
  0x000002a4bcd08330 JavaThread "Signal Dispatcher" daemon [_thread_blocked, id=14164, stack(0x000000b172100000,0x000000b172200000)]
  0x000002a4bcd08cf0 JavaThread "Attach Listener" daemon [_thread_blocked, id=15008, stack(0x000000b172200000,0x000000b172300000)]
  0x000002a4bcd0a5f0 JavaThread "Service Thread" daemon [_thread_blocked, id=2948, stack(0x000000b172300000,0x000000b172400000)]
  0x000002a4bcd13fb0 JavaThread "C2 CompilerThread0" daemon [_thread_blocked, id=10532, stack(0x000000b172400000,0x000000b172500000)]
  0x000002a4bcd17110 JavaThread "C1 CompilerThread0" daemon [_thread_blocked, id=2084, stack(0x000000b172500000,0x000000b172600000)]
  0x000002a4bcd191c0 JavaThread "Sweeper thread" daemon [_thread_blocked, id=6740, stack(0x000000b172600000,0x000000b172700000)]

Other Threads:
  0x000002a4bcc73910 VMThread "VM Thread" [stack: 0x000000b171e00000,0x000000b171f00000] [id=10088]
  0x000002a4a50ad460 GCTaskThread "GC Thread#0" [stack: 0x000000b171900000,0x000000b171a00000] [id=13284]
  0x000002a4a50b6b60 ConcurrentGCThread "G1 Main Marker" [stack: 0x000000b171a00000,0x000000b171b00000] [id=13872]
  0x000002a4a50b86f0 ConcurrentGCThread "G1 Conc#0" [stack: 0x000000b171b00000,0x000000b171c00000] [id=3796]
  0x000002a4a5106ab0 ConcurrentGCThread "G1 Refine#0" [stack: 0x000000b171c00000,0x000000b171d00000] [id=9252]
  0x000002a4a5108eb0 ConcurrentGCThread "G1 Young RemSet Sampling" [stack: 0x000000b171d00000,0x000000b171e00000] [id=11944]

Threads with active compile tasks:

VM state: not at safepoint (normal execution)

VM Mutex/Monitor currently owned by a thread: None

Heap address: 0x00000000c1400000, size: 1004 MB, Compressed Oops mode: 32-bit
CDS disabled.
Compressed class space mapped at: 0x0000000100000000-0x0000000140000000, size: 1073741824
Narrow klass base: 0x0000000000000000, Narrow klass shift: 3, Narrow klass range: 0x140000000

GC Precious Log:
 CPUs: 4 total, 4 available
 Memory: 4009M
 Large Page Support: Disabled
 NUMA Support: Disabled
 Compressed Oops: Enabled (32-bit)
 Heap Region Size: 1M
 Heap Min Capacity: 8M
 Heap Initial Capacity: 64M
 Heap Max Capacity: 1004M
 Pre-touch: Disabled
 Parallel Workers: 4
 Concurrent Workers: 1
 Concurrent Refinement Workers: 4
 Periodic GC: Disabled

Heap:
 garbage-first heap   total 65536K, used 0K [0x00000000c1400000, 0x0000000100000000)
  region size 1024K, 1 young (1024K), 0 survivors (0K)
 Metaspace       used 3329K, capacity 4480K, committed 4480K, reserved 1056768K
  class space    used 269K, capacity 384K, committed 384K, reserved 1048576K

Heap Regions: E=young(eden), S=young(survivor), O=old, HS=humongous(starts), HC=humongous(continues), CS=collection set, F=free, OA=open archive, CA=closed archive, TAMS=top-at-mark-start (previous, next)
|   0|0x00000000c1400000, 0x00000000c1400000, 0x00000000c1500000|  0%| F|  |TAMS 0x00000000c1400000, 0x00000000c1400000| Untracked 
|   1|0x00000000c1500000, 0x00000000c1500000, 0x00000000c1600000|  0%| F|  |TAMS 0x00000000c1500000, 0x00000000c1500000| Untracked 
|   2|0x00000000c1600000, 0x00000000c1600000, 0x00000000c1700000|  0%| F|  |TAMS 0x00000000c1600000, 0x00000000c1600000| Untracked 
|   3|0x00000000c1700000, 0x00000000c1700000, 0x00000000c1800000|  0%| F|  |TAMS 0x00000000c1700000, 0x00000000c1700000| Untracked 
|   4|0x00000000c1800000, 0x00000000c1800000, 0x00000000c1900000|  0%| F|  |TAMS 0x00000000c1800000, 0x00000000c1800000| Untracked 
|   5|0x00000000c1900000, 0x00000000c1900000, 0x00000000c1a00000|  0%| F|  |TAMS 0x00000000c1900000, 0x00000000c1900000| Untracked 
|   6|0x00000000c1a00000, 0x00000000c1a00000, 0x00000000c1b00000|  0%| F|  |TAMS 0x00000000c1a00000, 0x00000000c1a00000| Untracked 
|   7|0x00000000c1b00000, 0x00000000c1b00000, 0x00000000c1c00000|  0%| F|  |TAMS 0x00000000c1b00000, 0x00000000c1b00000| Untracked 
|   8|0x00000000c1c00000, 0x00000000c1c00000, 0x00000000c1d00000|  0%| F|  |TAMS 0x00000000c1c00000, 0x00000000c1c00000| Untracked 
|   9|0x00000000c1d00000, 0x00000000c1d00000, 0x00000000c1e00000|  0%| F|  |TAMS 0x00000000c1d00000, 0x00000000c1d00000| Untracked 
|  10|0x00000000c1e00000, 0x00000000c1e00000, 0x00000000c1f00000|  0%| F|  |TAMS 0x00000000c1e00000, 0x00000000c1e00000| Untracked 
|  11|0x00000000c1f00000, 0x00000000c1f00000, 0x00000000c2000000|  0%| F|  |TAMS 0x00000000c1f00000, 0x00000000c1f00000| Untracked 
|  12|0x00000000c2000000, 0x00000000c2000000, 0x00000000c2100000|  0%| F|  |TAMS 0x00000000c2000000, 0x00000000c2000000| Untracked 
|  13|0x00000000c2100000, 0x00000000c2100000, 0x00000000c2200000|  0%| F|  |TAMS 0x00000000c2100000, 0x00000000c2100000| Untracked 
|  14|0x00000000c2200000, 0x00000000c2200000, 0x00000000c2300000|  0%| F|  |TAMS 0x00000000c2200000, 0x00000000c2200000| Untracked 
|  15|0x00000000c2300000, 0x00000000c2300000, 0x00000000c2400000|  0%| F|  |TAMS 0x00000000c2300000, 0x00000000c2300000| Untracked 
|  16|0x00000000c2400000, 0x00000000c2400000, 0x00000000c2500000|  0%| F|  |TAMS 0x00000000c2400000, 0x00000000c2400000| Untracked 
|  17|0x00000000c2500000, 0x00000000c2500000, 0x00000000c2600000|  0%| F|  |TAMS 0x00000000c2500000, 0x00000000c2500000| Untracked 
|  18|0x00000000c2600000, 0x00000000c2600000, 0x00000000c2700000|  0%| F|  |TAMS 0x00000000c2600000, 0x00000000c2600000| Untracked 
|  19|0x00000000c2700000, 0x00000000c2700000, 0x00000000c2800000|  0%| F|  |TAMS 0x00000000c2700000, 0x00000000c2700000| Untracked 
|  20|0x00000000c2800000, 0x00000000c2800000, 0x00000000c2900000|  0%| F|  |TAMS 0x00000000c2800000, 0x00000000c2800000| Untracked 
|  21|0x00000000c2900000, 0x00000000c2900000, 0x00000000c2a00000|  0%| F|  |TAMS 0x00000000c2900000, 0x00000000c2900000| Untracked 
|  22|0x00000000c2a00000, 0x00000000c2a00000, 0x00000000c2b00000|  0%| F|  |TAMS 0x00000000c2a00000, 0x00000000c2a00000| Untracked 
|  23|0x00000000c2b00000, 0x00000000c2b00000, 0x00000000c2c00000|  0%| F|  |TAMS 0x00000000c2b00000, 0x00000000c2b00000| Untracked 
|  24|0x00000000c2c00000, 0x00000000c2c00000, 0x00000000c2d00000|  0%| F|  |TAMS 0x00000000c2c00000, 0x00000000c2c00000| Untracked 
|  25|0x00000000c2d00000, 0x00000000c2d00000, 0x00000000c2e00000|  0%| F|  |TAMS 0x00000000c2d00000, 0x00000000c2d00000| Untracked 
|  26|0x00000000c2e00000, 0x00000000c2e00000, 0x00000000c2f00000|  0%| F|  |TAMS 0x00000000c2e00000, 0x00000000c2e00000| Untracked 
|  27|0x00000000c2f00000, 0x00000000c2f00000, 0x00000000c3000000|  0%| F|  |TAMS 0x00000000c2f00000, 0x00000000c2f00000| Untracked 
|  28|0x00000000c3000000, 0x00000000c3000000, 0x00000000c3100000|  0%| F|  |TAMS 0x00000000c3000000, 0x00000000c3000000| Untracked 
|  29|0x00000000c3100000, 0x00000000c3100000, 0x00000000c3200000|  0%| F|  |TAMS 0x00000000c3100000, 0x00000000c3100000| Untracked 
|  30|0x00000000c3200000, 0x00000000c3200000, 0x00000000c3300000|  0%| F|  |TAMS 0x00000000c3200000, 0x00000000c3200000| Untracked 
|  31|0x00000000c3300000, 0x00000000c3300000, 0x00000000c3400000|  0%| F|  |TAMS 0x00000000c3300000, 0x00000000c3300000| Untracked 
|  32|0x00000000c3400000, 0x00000000c3400000, 0x00000000c3500000|  0%| F|  |TAMS 0x00000000c3400000, 0x00000000c3400000| Untracked 
|  33|0x00000000c3500000, 0x00000000c3500000, 0x00000000c3600000|  0%| F|  |TAMS 0x00000000c3500000, 0x00000000c3500000| Untracked 
|  34|0x00000000c3600000, 0x00000000c3600000, 0x00000000c3700000|  0%| F|  |TAMS 0x00000000c3600000, 0x00000000c3600000| Untracked 
|  35|0x00000000c3700000, 0x00000000c3700000, 0x00000000c3800000|  0%| F|  |TAMS 0x00000000c3700000, 0x00000000c3700000| Untracked 
|  36|0x00000000c3800000, 0x00000000c3800000, 0x00000000c3900000|  0%| F|  |TAMS 0x00000000c3800000, 0x00000000c3800000| Untracked 
|  37|0x00000000c3900000, 0x00000000c3900000, 0x00000000c3a00000|  0%| F|  |TAMS 0x00000000c3900000, 0x00000000c3900000| Untracked 
|  38|0x00000000c3a00000, 0x00000000c3a00000, 0x00000000c3b00000|  0%| F|  |TAMS 0x00000000c3a00000, 0x00000000c3a00000| Untracked 
|  39|0x00000000c3b00000, 0x00000000c3b00000, 0x00000000c3c00000|  0%| F|  |TAMS 0x00000000c3b00000, 0x00000000c3b00000| Untracked 
|  40|0x00000000c3c00000, 0x00000000c3c00000, 0x00000000c3d00000|  0%| F|  |TAMS 0x00000000c3c00000, 0x00000000c3c00000| Untracked 
|  41|0x00000000c3d00000, 0x00000000c3d00000, 0x00000000c3e00000|  0%| F|  |TAMS 0x00000000c3d00000, 0x00000000c3d00000| Untracked 
|  42|0x00000000c3e00000, 0x00000000c3e00000, 0x00000000c3f00000|  0%| F|  |TAMS 0x00000000c3e00000, 0x00000000c3e00000| Untracked 
|  43|0x00000000c3f00000, 0x00000000c3f00000, 0x00000000c4000000|  0%| F|  |TAMS 0x00000000c3f00000, 0x00000000c3f00000| Untracked 
|  44|0x00000000c4000000, 0x00000000c4000000, 0x00000000c4100000|  0%| F|  |TAMS 0x00000000c4000000, 0x00000000c4000000| Untracked 
|  45|0x00000000c4100000, 0x00000000c4100000, 0x00000000c4200000|  0%| F|  |TAMS 0x00000000c4100000, 0x00000000c4100000| Untracked 
|  46|0x00000000c4200000, 0x00000000c4200000, 0x00000000c4300000|  0%| F|  |TAMS 0x00000000c4200000, 0x00000000c4200000| Untracked 
|  47|0x00000000c4300000, 0x00000000c4300000, 0x00000000c4400000|  0%| F|  |TAMS 0x00000000c4300000, 0x00000000c4300000| Untracked 
|  48|0x00000000c4400000, 0x00000000c4400000, 0x00000000c4500000|  0%| F|  |TAMS 0x00000000c4400000, 0x00000000c4400000| Untracked 
|  49|0x00000000c4500000, 0x00000000c4500000, 0x00000000c4600000|  0%| F|  |TAMS 0x00000000c4500000, 0x00000000c4500000| Untracked 
|  50|0x00000000c4600000, 0x00000000c4600000, 0x00000000c4700000|  0%| F|  |TAMS 0x00000000c4600000, 0x00000000c4600000| Untracked 
|  51|0x00000000c4700000, 0x00000000c4700000, 0x00000000c4800000|  0%| F|  |TAMS 0x00000000c4700000, 0x00000000c4700000| Untracked 
|  52|0x00000000c4800000, 0x00000000c4800000, 0x00000000c4900000|  0%| F|  |TAMS 0x00000000c4800000, 0x00000000c4800000| Untracked 
|  53|0x00000000c4900000, 0x00000000c4900000, 0x00000000c4a00000|  0%| F|  |TAMS 0x00000000c4900000, 0x00000000c4900000| Untracked 
|  54|0x00000000c4a00000, 0x00000000c4a00000, 0x00000000c4b00000|  0%| F|  |TAMS 0x00000000c4a00000, 0x00000000c4a00000| Untracked 
|  55|0x00000000c4b00000, 0x00000000c4b00000, 0x00000000c4c00000|  0%| F|  |TAMS 0x00000000c4b00000, 0x00000000c4b00000| Untracked 
|  56|0x00000000c4c00000, 0x00000000c4c00000, 0x00000000c4d00000|  0%| F|  |TAMS 0x00000000c4c00000, 0x00000000c4c00000| Untracked 
|  57|0x00000000c4d00000, 0x00000000c4d00000, 0x00000000c4e00000|  0%| F|  |TAMS 0x00000000c4d00000, 0x00000000c4d00000| Untracked 
|  58|0x00000000c4e00000, 0x00000000c4e00000, 0x00000000c4f00000|  0%| F|  |TAMS 0x00000000c4e00000, 0x00000000c4e00000| Untracked 
|  59|0x00000000c4f00000, 0x00000000c4f00000, 0x00000000c5000000|  0%| F|  |TAMS 0x00000000c4f00000, 0x00000000c4f00000| Untracked 
|  60|0x00000000c5000000, 0x00000000c5000000, 0x00000000c5100000|  0%| F|  |TAMS 0x00000000c5000000, 0x00000000c5000000| Untracked 
|  61|0x00000000c5100000, 0x00000000c5100000, 0x00000000c5200000|  0%| F|  |TAMS 0x00000000c5100000, 0x00000000c5100000| Untracked 
|  62|0x00000000c5200000, 0x00000000c5200000, 0x00000000c5300000|  0%| F|  |TAMS 0x00000000c5200000, 0x00000000c5200000| Untracked 
|  63|0x00000000c5300000, 0x00000000c5400000, 0x00000000c5400000|100%| E|  |TAMS 0x00000000c5300000, 0x00000000c5300000| Complete 

Card table byte_map: [0x000002a4b7ca0000,0x000002a4b7ea0000] _byte_map_base: 0x000002a4b7696000

Marking Bits (Prev, Next): (CMBitMap*) 0x000002a4a50adbe0, (CMBitMap*) 0x000002a4a50adc20
 Prev Bits: [0x000002a4b80a0000, 0x000002a4b9050000)
 Next Bits: [0x000002a4b9050000, 0x000002a4ba000000)

Polling page: 0x000002a4a3090000

Metaspace:

Usage:
  Non-class:      4.00 MB capacity,     2.99 MB ( 75%) used,     1.01 MB ( 25%) free+waste,    64 bytes ( <1%) overhead. 
      Class:    384.00 KB capacity,   269.84 KB ( 70%) used,   114.09 KB ( 30%) free+waste,    64 bytes ( <1%) overhead. 
       Both:      4.38 MB capacity,     3.25 MB ( 74%) used,     1.12 MB ( 26%) free+waste,   128 bytes ( <1%) overhead. 

Virtual space:
  Non-class space:        8.00 MB reserved,       4.00 MB ( 50%) committed 
      Class space:        1.00 GB reserved,     384.00 KB ( <1%) committed 
             Both:        1.01 GB reserved,       4.38 MB ( <1%) committed 

Chunk freelists:
   Non-Class:  0 bytes
       Class:  0 bytes
        Both:  0 bytes

MaxMetaspaceSize: 17179869184.00 GB
CompressedClassSpaceSize: 1.00 GB

CodeHeap 'non-profiled nmethods': size=120000Kb used=17Kb max_used=17Kb free=119982Kb
 bounds [0x000002a4b0570000, 0x000002a4b07e0000, 0x000002a4b7aa0000]
CodeHeap 'profiled nmethods': size=120000Kb used=95Kb max_used=95Kb free=119904Kb
 bounds [0x000002a4a9040000, 0x000002a4a92b0000, 0x000002a4b0570000]
CodeHeap 'non-nmethods': size=5760Kb used=1041Kb max_used=1055Kb free=4718Kb
 bounds [0x000002a4a8aa0000, 0x000002a4a8d10000, 0x000002a4a9040000]
 total_blobs=334 nmethods=74 adapters=173
 compilation: enabled
              stopped_count=0, restarted_count=0
 full_count=0

Compilation events (20 events):
Event: 0.222 Thread 0x000002a4bcd17110   61       3       java.lang.module.ResolvedModule::hashCode (16 bytes)
Event: 0.222 Thread 0x000002a4bcd17110 nmethod 61 0x000002a4a9054210 code [0x000002a4a90543c0, 0x000002a4a9054658]
Event: 0.222 Thread 0x000002a4bcd17110   63       1       java.lang.module.ResolvedModule::configuration (5 bytes)
Event: 0.222 Thread 0x000002a4bcd17110 nmethod 63 0x000002a4b0572d10 code [0x000002a4b0572ea0, 0x000002a4b0572f58]
Event: 0.222 Thread 0x000002a4bcd17110   64       1       java.lang.module.ModuleDescriptor$Exports::targets (5 bytes)
Event: 0.223 Thread 0x000002a4bcd17110 nmethod 64 0x000002a4b0573010 code [0x000002a4b05731a0, 0x000002a4b0573258]
Event: 0.224 Thread 0x000002a4bcd17110   65       3       java.util.ImmutableCollections$Set12::iterator (9 bytes)
Event: 0.224 Thread 0x000002a4bcd17110 nmethod 65 0x000002a4a9054790 code [0x000002a4a9054940, 0x000002a4a9054c18]
Event: 0.224 Thread 0x000002a4bcd17110   66       3       java.util.ImmutableCollections$Set12$1::<init> (32 bytes)
Event: 0.224 Thread 0x000002a4bcd17110 nmethod 66 0x000002a4a9054d10 code [0x000002a4a9054ec0, 0x000002a4a90550f8]
Event: 0.224 Thread 0x000002a4bcd17110   67       1       java.util.ImmutableCollections$Set12::isEmpty (2 bytes)
Event: 0.225 Thread 0x000002a4bcd17110 nmethod 67 0x000002a4b0573310 code [0x000002a4b05734a0, 0x000002a4b0573558]
Event: 0.225 Thread 0x000002a4bcd17110   68       3       java.util.Map::entry (10 bytes)
Event: 0.226 Thread 0x000002a4bcd17110 nmethod 68 0x000002a4a9055210 code [0x000002a4a9055400, 0x000002a4a9055978]
Event: 0.227 Thread 0x000002a4bcd17110   69       1       java.lang.module.ModuleDescriptor::isOpen (5 bytes)
Event: 0.227 Thread 0x000002a4bcd17110 nmethod 69 0x000002a4b0573610 code [0x000002a4b05737a0, 0x000002a4b0573858]
Event: 0.227 Thread 0x000002a4bcd17110   70       3       java.util.HashMap::resize (356 bytes)
Event: 0.227 Thread 0x000002a4bcd13fb0   71       4       java.lang.String::hashCode (60 bytes)
Event: 0.229 Thread 0x000002a4bcd17110 nmethod 70 0x000002a4a9055b90 code [0x000002a4a9055e40, 0x000002a4a9057268]
Event: 0.229 Thread 0x000002a4bcd17110   72       3       java.util.HashMap::putIfAbsent (13 bytes)

GC Heap History (0 events):
No events

Deoptimization events (0 events):
No events

Classes unloaded (0 events):
No events

Classes redefined (0 events):
No events

Internal exceptions (0 events):
No events

Events (20 events):
Event: 0.223 loading class jdk/internal/module/ServicesCatalog$ServiceProvider done
Event: 0.224 loading class java/util/HashMap$KeySet
Event: 0.225 loading class java/util/HashMap$KeySet done
Event: 0.225 loading class java/util/HashMap$KeyIterator
Event: 0.225 loading class java/util/HashMap$KeyIterator done
Event: 0.225 loading class java/lang/ModuleLayer$Controller
Event: 0.225 loading class java/lang/ModuleLayer$Controller done
Event: 0.226 loading class jdk/internal/module/IllegalAccessLogger$Mode
Event: 0.226 loading class jdk/internal/module/IllegalAccessLogger$Mode done
Event: 0.226 loading class jdk/internal/module/IllegalAccessLogger$Builder
Event: 0.226 loading class jdk/internal/module/IllegalAccessLogger$Builder done
Event: 0.226 loading class java/util/HashMap$Values
Event: 0.226 loading class java/util/HashMap$Values done
Event: 0.226 loading class java/util/HashMap$ValueIterator
Event: 0.226 loading class java/util/HashMap$ValueIterator done
Event: 0.226 loading class java/util/Collections$UnmodifiableSet
Event: 0.226 loading class java/util/Collections$UnmodifiableCollection
Event: 0.227 loading class java/util/Collections$UnmodifiableCollection done
Event: 0.227 loading class java/util/Collections$UnmodifiableSet done
Event: 0.229 loading class jdk/internal/module/IllegalAccessLogger


Dynamic libraries:
0x00007ff75af20000 - 0x00007ff75af2d000 	C:\Users\hgsal\.p2\pool\plugins\org.eclipse.justj.openjdk.hotspot.jre.full.win32.x86_64_15.0.2.v20210201-0955\jre\bin\javaw.exe
0x00007ffe95930000 - 0x00007ffe95b25000 	C:\Windows\SYSTEM32\ntdll.dll
0x00007ffe94340000 - 0x00007ffe943fd000 	C:\Windows\System32\KERNEL32.DLL
0x00007ffe93690000 - 0x00007ffe93959000 	C:\Windows\System32\KERNELBASE.dll
0x00007ffe93480000 - 0x00007ffe93580000 	C:\Windows\System32\ucrtbase.dll
0x00007ffe8ec10000 - 0x00007ffe8ec28000 	C:\Users\hgsal\.p2\pool\plugins\org.eclipse.justj.openjdk.hotspot.jre.full.win32.x86_64_15.0.2.v20210201-0955\jre\bin\jli.dll
0x00007ffe94510000 - 0x00007ffe946b0000 	C:\Windows\System32\USER32.dll
0x00007ffe93450000 - 0x00007ffe93472000 	C:\Windows\System32\win32u.dll
0x00007ffe94020000 - 0x00007ffe9404a000 	C:\Windows\System32\GDI32.dll
0x00007ffe930c0000 - 0x00007ffe931cb000 	C:\Windows\System32\gdi32full.dll
0x00007ffe933b0000 - 0x00007ffe9344d000 	C:\Windows\System32\msvcp_win.dll
0x00007ffe8ebf0000 - 0x00007ffe8ec09000 	C:\Users\hgsal\.p2\pool\plugins\org.eclipse.justj.openjdk.hotspot.jre.full.win32.x86_64_15.0.2.v20210201-0955\jre\bin\VCRUNTIME140.dll
0x00007ffe80c70000 - 0x00007ffe80f0a000 	C:\Windows\WinSxS\amd64_microsoft.windows.common-controls_6595b64144ccf1df_6.0.19041.844_none_ca00b6081b84eb1d\COMCTL32.dll
0x00007ffe94760000 - 0x00007ffe947fe000 	C:\Windows\System32\msvcrt.dll
0x00007ffe94a20000 - 0x00007ffe94a50000 	C:\Windows\System32\IMM32.DLL
0x00007ffe90a50000 - 0x00007ffe90a5c000 	C:\Users\hgsal\.p2\pool\plugins\org.eclipse.justj.openjdk.hotspot.jre.full.win32.x86_64_15.0.2.v20210201-0955\jre\bin\vcruntime140_1.dll
0x00007ffe6cf30000 - 0x00007ffe6cfc1000 	C:\Users\hgsal\.p2\pool\plugins\org.eclipse.justj.openjdk.hotspot.jre.full.win32.x86_64_15.0.2.v20210201-0955\jre\bin\msvcp140.dll
0x00007ffe42b70000 - 0x00007ffe436ce000 	C:\Users\hgsal\.p2\pool\plugins\org.eclipse.justj.openjdk.hotspot.jre.full.win32.x86_64_15.0.2.v20210201-0955\jre\bin\server\jvm.dll
0x00007ffe93990000 - 0x00007ffe93a3c000 	C:\Windows\System32\ADVAPI32.dll
0x00007ffe93b10000 - 0x00007ffe93bac000 	C:\Windows\System32\sechost.dll
0x00007ffe94810000 - 0x00007ffe9493b000 	C:\Windows\System32\RPCRT4.dll
0x00007ffe94940000 - 0x00007ffe94948000 	C:\Windows\System32\PSAPI.DLL
0x00007ffe8eb10000 - 0x00007ffe8eb19000 	C:\Windows\SYSTEM32\WSOCK32.dll
0x00007ffe8c640000 - 0x00007ffe8c64a000 	C:\Windows\SYSTEM32\VERSION.dll
0x00007ffe81800000 - 0x00007ffe81827000 	C:\Windows\SYSTEM32\WINMM.dll
0x00007ffe94950000 - 0x00007ffe949bb000 	C:\Windows\System32\WS2_32.dll
0x00007ffe90fd0000 - 0x00007ffe90fe2000 	C:\Windows\SYSTEM32\kernel.appcore.dll
0x00007ffe8eb00000 - 0x00007ffe8eb0a000 	C:\Users\hgsal\.p2\pool\plugins\org.eclipse.justj.openjdk.hotspot.jre.full.win32.x86_64_15.0.2.v20210201-0955\jre\bin\jimage.dll
0x00007ffe81f60000 - 0x00007ffe82144000 	C:\Windows\SYSTEM32\DBGHELP.DLL
0x00007ffe81f30000 - 0x00007ffe81f5c000 	C:\Windows\SYSTEM32\dbgcore.DLL
0x00007ffe93330000 - 0x00007ffe933b0000 	C:\Windows\System32\bcryptPrimitives.dll
0x00007ffe8b8a0000 - 0x00007ffe8b8c5000 	C:\Users\hgsal\.p2\pool\plugins\org.eclipse.justj.openjdk.hotspot.jre.full.win32.x86_64_15.0.2.v20210201-0955\jre\bin\java.dll
0x00007ffe8bbe0000 - 0x00007ffe8bbf8000 	C:\Users\hgsal\.p2\pool\plugins\org.eclipse.justj.openjdk.hotspot.jre.full.win32.x86_64_15.0.2.v20210201-0955\jre\bin\zip.dll
0x00007ffe94a50000 - 0x00007ffe95192000 	C:\Windows\System32\SHELL32.dll
0x00007ffe911d0000 - 0x00007ffe91960000 	C:\Windows\SYSTEM32\windows.storage.dll
0x00007ffe95400000 - 0x00007ffe95755000 	C:\Windows\System32\combase.dll
0x00007ffe92ae0000 - 0x00007ffe92b0c000 	C:\Windows\SYSTEM32\Wldp.dll
0x00007ffe94050000 - 0x00007ffe940fe000 	C:\Windows\System32\SHCORE.dll
0x00007ffe95760000 - 0x00007ffe957b5000 	C:\Windows\System32\shlwapi.dll
0x00007ffe92fb0000 - 0x00007ffe92fcf000 	C:\Windows\SYSTEM32\profapi.dll

dbghelp: loaded successfully - version: 4.0.5 - missing functions: none
symbol engine: initialized successfully - sym options: 0x614 - pdb path: .;C:\Users\hgsal\.p2\pool\plugins\org.eclipse.justj.openjdk.hotspot.jre.full.win32.x86_64_15.0.2.v20210201-0955\jre\bin;C:\Windows\SYSTEM32;C:\Windows\WinSxS\amd64_microsoft.windows.common-controls_6595b64144ccf1df_6.0.19041.844_none_ca00b6081b84eb1d;C:\Users\hgsal\.p2\pool\plugins\org.eclipse.justj.openjdk.hotspot.jre.full.win32.x86_64_15.0.2.v20210201-0955\jre\bin\server

VM Arguments:
jvm_args: -Dfile.encoding=Cp1252 -XX:+ShowCodeDetailsInExceptionMessages 
java_command: application.testeCarrinho
java_class_path (initial): C:\Users\hgsal\OneDrive\Área de Trabalho\Generation\ProjetoLoja2\bin
Launcher Type: SUN_STANDARD

[Global flags]
     intx CICompilerCount                          = 3                                         {product} {ergonomic}
     uint ConcGCThreads                            = 1                                         {product} {ergonomic}
     uint G1ConcRefinementThreads                  = 4                                         {product} {ergonomic}
   size_t G1HeapRegionSize                         = 1048576                                   {product} {ergonomic}
    uintx GCDrainStackTargetSize                   = 64                                        {product} {ergonomic}
   size_t InitialHeapSize                          = 67108864                                  {product} {ergonomic}
   size_t MarkStackSize                            = 4194304                                   {product} {ergonomic}
   size_t MaxHeapSize                              = 1052770304                                {product} {ergonomic}
   size_t MaxNewSize                               = 631242752                                 {product} {ergonomic}
   size_t MinHeapDeltaBytes                        = 1048576                                   {product} {ergonomic}
   size_t MinHeapSize                              = 8388608                                   {product} {ergonomic}
    uintx NonNMethodCodeHeapSize                   = 5832780                                {pd product} {ergonomic}
    uintx NonProfiledCodeHeapSize                  = 122912730                              {pd product} {ergonomic}
    uintx ProfiledCodeHeapSize                     = 122912730                              {pd product} {ergonomic}
    uintx ReservedCodeCacheSize                    = 251658240                              {pd product} {ergonomic}
     bool SegmentedCodeCache                       = true                                      {product} {ergonomic}
     bool ShowCodeDetailsInExceptionMessages       = true                                   {manageable} {command line}
   size_t SoftMaxHeapSize                          = 1052770304                             {manageable} {ergonomic}
     bool UseCompressedClassPointers               = true                                 {lp64_product} {ergonomic}
     bool UseCompressedOops                        = true                                 {lp64_product} {ergonomic}
     bool UseG1GC                                  = true                                      {product} {ergonomic}
     bool UseLargePagesIndividualAllocation        = false                                  {pd product} {ergonomic}

Logging:
Log output configuration:
 #0: stdout all=warning uptime,level,tags
 #1: stderr all=off uptime,level,tags

Environment Variables:
PATH=C:/Users/hgsal/.p2/pool/plugins/org.eclipse.justj.openjdk.hotspot.jre.full.win32.x86_64_15.0.2.v20210201-0955/jre/bin/server;C:/Users/hgsal/.p2/pool/plugins/org.eclipse.justj.openjdk.hotspot.jre.full.win32.x86_64_15.0.2.v20210201-0955/jre/bin;C:\Program Files (x86)\Common Files\Oracle\Java\javapath;C:\Windows\system32;C:\Windows;C:\Windows\System32\Wbem;C:\Windows\System32\WindowsPowerShell\v1.0\;C:\Windows\System32\OpenSSH\;C:\Program Files\Java\jdk1.8.0_281\bin;C:\Program Files\Git\cmd;C:\ProgramData\UNIVALI\Portugol Studio;C:\Program Files\nodejs\;C:\Users\hgsal\AppData\Local\Microsoft\WindowsApps;;C:\Users\hgsal\AppData\Local\Programs\Microsoft VS Code\bin;C:\Users\hgsal\AppData\Roaming\npm;C:\Windows\system32;
USERNAME=hgsal
OS=Windows_NT
PROCESSOR_IDENTIFIER=Intel64 Family 6 Model 78 Stepping 3, GenuineIntel



---------------  S Y S T E M  ---------------

OS:
 Windows 10 , 64 bit Build 19041 (10.0.19041.804)
OS uptime: 1 days 9:01 hours

CPU: total 4 (initial active 4) (2 cores per cpu, 2 threads per core) family 6 model 78 stepping 3 microcode 0xd6, cmov, cx8, fxsr, mmx, sse, sse2, sse3, ssse3, sse4.1, sse4.2, popcnt, vzeroupper, avx, avx2, aes, clmul, erms, 3dnowpref, lzcnt, ht, tsc, tscinvbit, bmi1, bmi2, adx, fma, clflush, clflushopt

Memory: 4k page, system-wide physical 4009M (639M free)
TotalPageFile size 16297M (AvailPageFile size 1M)
current process WorkingSet (physical memory assigned to process): 26M, peak: 26M
current process commit charge ("private bytes"): 127M, peak: 127M

vm_info: OpenJDK 64-Bit Server VM (15.0.2+7-27) for windows-amd64 JRE (15.0.2+7-27), built on Dec  7 2020 20:02:38 by "mach5one" with unknown MS VC++:1925

END.
